<?xml version="1.0" encoding="UTF-8"?>
<testng-results skipped="0" failed="0" total="1" passed="1">
  <reporter-output>
  </reporter-output>
  <suite name="Default Suite" duration-ms="16459" started-at="2021-03-06T05:39:44Z" finished-at="2021-03-06T05:40:01Z">
    <groups>
    </groups>
    <test name="001" duration-ms="16459" started-at="2021-03-06T05:39:44Z" finished-at="2021-03-06T05:40:01Z">
      <class name="OpenBaidu">
        <test-method status="PASS" signature="Open()[pri:0, instance:OpenBaidu@dfd3711]" name="Open" duration-ms="16419" started-at="2021-03-06T13:39:44Z" finished-at="2021-03-06T13:40:01Z">
          <reporter-output>
          </reporter-output>
        </test-method> <!-- Open -->
      </class> <!-- OpenBaidu -->
    </test> <!-- 001 -->
  </suite> <!-- Default Suite -->
</testng-results>
